{"/Users/suayip/Documents/GitHub/expo-boiler-plate/src/Router.js": {"path":"/Users/suayip/Documents/GitHub/expo-boiler-plate/src/Router.js","statementMap":{"0":{"start":{"line":8,"column":15},"end":{"line":16,"column":1}},"1":{"start":{"line":10,"column":24},"end":{"line":10,"column":28}},"2":{"start":{"line":11,"column":2},"end":{"line":15,"column":4}},"3":{"start":{"line":20,"column":15},"end":{"line":20,"column":36}}},"fnMap":{"0":{"name":"(anonymous_0)","decl":{"start":{"line":8,"column":15},"end":{"line":8,"column":16}},"loc":{"start":{"line":8,"column":21},"end":{"line":16,"column":1}},"line":8}},"branchMap":{"0":{"loc":{"start":{"line":13,"column":7},"end":{"line":13,"column":65}},"type":"cond-expr","locations":[{"start":{"line":13,"column":25},"end":{"line":13,"column":45}},{"start":{"line":13,"column":48},"end":{"line":13,"column":65}}],"line":13}},"s":{"0":0,"1":0,"2":0,"3":0},"f":{"0":0},"b":{"0":[0,0]}}
}
